[2024-08-30T21:15:47.133+0000] {processor.py:186} INFO - Started process (PID=68) to work on /opt/airflow/dags/read_gbq_data.py
[2024-08-30T21:15:47.134+0000] {processor.py:914} INFO - Processing file /opt/airflow/dags/read_gbq_data.py for tasks to queue
[2024-08-30T21:15:47.136+0000] {logging_mixin.py:190} INFO - [2024-08-30T21:15:47.136+0000] {dagbag.py:587} INFO - Filling up the DagBag from /opt/airflow/dags/read_gbq_data.py
[2024-08-30T21:15:47.178+0000] {processor.py:925} INFO - DAG(s) 'example_bigquery_dag' retrieved from /opt/airflow/dags/read_gbq_data.py
[2024-08-30T21:15:47.387+0000] {logging_mixin.py:190} INFO - [2024-08-30T21:15:47.386+0000] {override.py:1858} INFO - Created Permission View: can edit on DAG:example_bigquery_dag
[2024-08-30T21:15:47.397+0000] {logging_mixin.py:190} INFO - [2024-08-30T21:15:47.396+0000] {override.py:1858} INFO - Created Permission View: can delete on DAG:example_bigquery_dag
[2024-08-30T21:15:47.405+0000] {logging_mixin.py:190} INFO - [2024-08-30T21:15:47.405+0000] {override.py:1858} INFO - Created Permission View: can read on DAG:example_bigquery_dag
[2024-08-30T21:15:47.407+0000] {logging_mixin.py:190} INFO - [2024-08-30T21:15:47.406+0000] {dag.py:3211} INFO - Sync 1 DAGs
[2024-08-30T21:15:47.420+0000] {logging_mixin.py:190} INFO - [2024-08-30T21:15:47.420+0000] {dag.py:3234} INFO - Creating ORM DAG for example_bigquery_dag
[2024-08-30T21:15:47.422+0000] {logging_mixin.py:190} INFO - [2024-08-30T21:15:47.421+0000] {dag.py:4138} INFO - Setting next_dagrun for example_bigquery_dag to None, run_after=None
[2024-08-30T21:15:47.440+0000] {processor.py:208} INFO - Processing /opt/airflow/dags/read_gbq_data.py took 0.321 seconds
[2024-08-30T21:16:17.682+0000] {processor.py:186} INFO - Started process (PID=75) to work on /opt/airflow/dags/read_gbq_data.py
[2024-08-30T21:16:17.683+0000] {processor.py:914} INFO - Processing file /opt/airflow/dags/read_gbq_data.py for tasks to queue
[2024-08-30T21:16:17.686+0000] {logging_mixin.py:190} INFO - [2024-08-30T21:16:17.685+0000] {dagbag.py:587} INFO - Filling up the DagBag from /opt/airflow/dags/read_gbq_data.py
[2024-08-30T21:16:17.707+0000] {processor.py:925} INFO - DAG(s) 'example_bigquery_dag' retrieved from /opt/airflow/dags/read_gbq_data.py
[2024-08-30T21:16:17.740+0000] {logging_mixin.py:190} INFO - [2024-08-30T21:16:17.738+0000] {dag.py:3211} INFO - Sync 1 DAGs
[2024-08-30T21:16:17.754+0000] {logging_mixin.py:190} INFO - [2024-08-30T21:16:17.754+0000] {dag.py:4138} INFO - Setting next_dagrun for example_bigquery_dag to None, run_after=None
[2024-08-30T21:16:17.777+0000] {processor.py:208} INFO - Processing /opt/airflow/dags/read_gbq_data.py took 0.102 seconds
[2024-08-30T21:16:48.016+0000] {processor.py:186} INFO - Started process (PID=81) to work on /opt/airflow/dags/read_gbq_data.py
[2024-08-30T21:16:48.018+0000] {processor.py:914} INFO - Processing file /opt/airflow/dags/read_gbq_data.py for tasks to queue
[2024-08-30T21:16:48.027+0000] {logging_mixin.py:190} INFO - [2024-08-30T21:16:48.025+0000] {dagbag.py:587} INFO - Filling up the DagBag from /opt/airflow/dags/read_gbq_data.py
[2024-08-30T21:16:48.070+0000] {processor.py:925} INFO - DAG(s) 'example_bigquery_dag' retrieved from /opt/airflow/dags/read_gbq_data.py
[2024-08-30T21:16:48.109+0000] {logging_mixin.py:190} INFO - [2024-08-30T21:16:48.109+0000] {dag.py:3211} INFO - Sync 1 DAGs
[2024-08-30T21:16:48.124+0000] {logging_mixin.py:190} INFO - [2024-08-30T21:16:48.124+0000] {dag.py:4138} INFO - Setting next_dagrun for example_bigquery_dag to None, run_after=None
[2024-08-30T21:16:48.148+0000] {processor.py:208} INFO - Processing /opt/airflow/dags/read_gbq_data.py took 0.148 seconds
[2024-08-30T21:17:18.352+0000] {processor.py:186} INFO - Started process (PID=88) to work on /opt/airflow/dags/read_gbq_data.py
[2024-08-30T21:17:18.353+0000] {processor.py:914} INFO - Processing file /opt/airflow/dags/read_gbq_data.py for tasks to queue
[2024-08-30T21:17:18.356+0000] {logging_mixin.py:190} INFO - [2024-08-30T21:17:18.355+0000] {dagbag.py:587} INFO - Filling up the DagBag from /opt/airflow/dags/read_gbq_data.py
[2024-08-30T21:17:18.370+0000] {processor.py:925} INFO - DAG(s) 'example_bigquery_dag' retrieved from /opt/airflow/dags/read_gbq_data.py
[2024-08-30T21:17:18.390+0000] {logging_mixin.py:190} INFO - [2024-08-30T21:17:18.390+0000] {dag.py:3211} INFO - Sync 1 DAGs
[2024-08-30T21:17:18.403+0000] {logging_mixin.py:190} INFO - [2024-08-30T21:17:18.402+0000] {dag.py:4138} INFO - Setting next_dagrun for example_bigquery_dag to None, run_after=None
[2024-08-30T21:17:18.425+0000] {processor.py:208} INFO - Processing /opt/airflow/dags/read_gbq_data.py took 0.077 seconds
[2024-08-30T21:17:48.708+0000] {processor.py:186} INFO - Started process (PID=95) to work on /opt/airflow/dags/read_gbq_data.py
[2024-08-30T21:17:48.709+0000] {processor.py:914} INFO - Processing file /opt/airflow/dags/read_gbq_data.py for tasks to queue
[2024-08-30T21:17:48.719+0000] {logging_mixin.py:190} INFO - [2024-08-30T21:17:48.719+0000] {dagbag.py:587} INFO - Filling up the DagBag from /opt/airflow/dags/read_gbq_data.py
[2024-08-30T21:17:48.753+0000] {processor.py:925} INFO - DAG(s) 'example_bigquery_dag' retrieved from /opt/airflow/dags/read_gbq_data.py
[2024-08-30T21:17:48.784+0000] {logging_mixin.py:190} INFO - [2024-08-30T21:17:48.783+0000] {dag.py:3211} INFO - Sync 1 DAGs
[2024-08-30T21:17:48.800+0000] {logging_mixin.py:190} INFO - [2024-08-30T21:17:48.800+0000] {dag.py:4138} INFO - Setting next_dagrun for example_bigquery_dag to None, run_after=None
[2024-08-30T21:17:48.823+0000] {processor.py:208} INFO - Processing /opt/airflow/dags/read_gbq_data.py took 0.122 seconds
[2024-08-30T21:18:18.992+0000] {processor.py:186} INFO - Started process (PID=102) to work on /opt/airflow/dags/read_gbq_data.py
[2024-08-30T21:18:18.993+0000] {processor.py:914} INFO - Processing file /opt/airflow/dags/read_gbq_data.py for tasks to queue
[2024-08-30T21:18:18.998+0000] {logging_mixin.py:190} INFO - [2024-08-30T21:18:18.997+0000] {dagbag.py:587} INFO - Filling up the DagBag from /opt/airflow/dags/read_gbq_data.py
[2024-08-30T21:18:19.019+0000] {processor.py:925} INFO - DAG(s) 'example_bigquery_dag' retrieved from /opt/airflow/dags/read_gbq_data.py
[2024-08-30T21:18:19.041+0000] {logging_mixin.py:190} INFO - [2024-08-30T21:18:19.041+0000] {dag.py:3211} INFO - Sync 1 DAGs
[2024-08-30T21:18:19.054+0000] {logging_mixin.py:190} INFO - [2024-08-30T21:18:19.054+0000] {dag.py:4138} INFO - Setting next_dagrun for example_bigquery_dag to None, run_after=None
[2024-08-30T21:18:19.076+0000] {processor.py:208} INFO - Processing /opt/airflow/dags/read_gbq_data.py took 0.090 seconds
[2024-08-30T21:18:49.393+0000] {processor.py:186} INFO - Started process (PID=109) to work on /opt/airflow/dags/read_gbq_data.py
[2024-08-30T21:18:49.394+0000] {processor.py:914} INFO - Processing file /opt/airflow/dags/read_gbq_data.py for tasks to queue
[2024-08-30T21:18:49.397+0000] {logging_mixin.py:190} INFO - [2024-08-30T21:18:49.397+0000] {dagbag.py:587} INFO - Filling up the DagBag from /opt/airflow/dags/read_gbq_data.py
[2024-08-30T21:18:49.420+0000] {processor.py:925} INFO - DAG(s) 'example_bigquery_dag' retrieved from /opt/airflow/dags/read_gbq_data.py
[2024-08-30T21:18:49.439+0000] {logging_mixin.py:190} INFO - [2024-08-30T21:18:49.439+0000] {dag.py:3211} INFO - Sync 1 DAGs
[2024-08-30T21:18:49.452+0000] {logging_mixin.py:190} INFO - [2024-08-30T21:18:49.452+0000] {dag.py:4138} INFO - Setting next_dagrun for example_bigquery_dag to None, run_after=None
[2024-08-30T21:18:49.477+0000] {processor.py:208} INFO - Processing /opt/airflow/dags/read_gbq_data.py took 0.089 seconds
[2024-08-30T21:19:19.671+0000] {processor.py:186} INFO - Started process (PID=116) to work on /opt/airflow/dags/read_gbq_data.py
[2024-08-30T21:19:19.672+0000] {processor.py:914} INFO - Processing file /opt/airflow/dags/read_gbq_data.py for tasks to queue
[2024-08-30T21:19:19.674+0000] {logging_mixin.py:190} INFO - [2024-08-30T21:19:19.673+0000] {dagbag.py:587} INFO - Filling up the DagBag from /opt/airflow/dags/read_gbq_data.py
[2024-08-30T21:19:19.687+0000] {processor.py:925} INFO - DAG(s) 'example_bigquery_dag' retrieved from /opt/airflow/dags/read_gbq_data.py
[2024-08-30T21:19:19.707+0000] {logging_mixin.py:190} INFO - [2024-08-30T21:19:19.706+0000] {dag.py:3211} INFO - Sync 1 DAGs
[2024-08-30T21:19:19.718+0000] {logging_mixin.py:190} INFO - [2024-08-30T21:19:19.717+0000] {dag.py:4138} INFO - Setting next_dagrun for example_bigquery_dag to None, run_after=None
[2024-08-30T21:19:19.739+0000] {processor.py:208} INFO - Processing /opt/airflow/dags/read_gbq_data.py took 0.073 seconds
[2024-08-30T21:22:50.715+0000] {processor.py:186} INFO - Started process (PID=67) to work on /opt/airflow/dags/read_gbq_data.py
[2024-08-30T21:22:50.717+0000] {processor.py:914} INFO - Processing file /opt/airflow/dags/read_gbq_data.py for tasks to queue
[2024-08-30T21:22:50.719+0000] {logging_mixin.py:190} INFO - [2024-08-30T21:22:50.719+0000] {dagbag.py:587} INFO - Filling up the DagBag from /opt/airflow/dags/read_gbq_data.py
[2024-08-30T21:22:50.764+0000] {processor.py:925} INFO - DAG(s) 'example_bigquery_dag' retrieved from /opt/airflow/dags/read_gbq_data.py
[2024-08-30T21:22:50.802+0000] {logging_mixin.py:190} INFO - [2024-08-30T21:22:50.801+0000] {dag.py:3211} INFO - Sync 1 DAGs
[2024-08-30T21:22:50.822+0000] {logging_mixin.py:190} INFO - [2024-08-30T21:22:50.822+0000] {dag.py:4138} INFO - Setting next_dagrun for example_bigquery_dag to None, run_after=None
[2024-08-30T21:22:50.848+0000] {processor.py:208} INFO - Processing /opt/airflow/dags/read_gbq_data.py took 0.141 seconds
[2024-08-30T21:23:20.985+0000] {processor.py:186} INFO - Started process (PID=74) to work on /opt/airflow/dags/read_gbq_data.py
[2024-08-30T21:23:20.985+0000] {processor.py:914} INFO - Processing file /opt/airflow/dags/read_gbq_data.py for tasks to queue
[2024-08-30T21:23:20.988+0000] {logging_mixin.py:190} INFO - [2024-08-30T21:23:20.987+0000] {dagbag.py:587} INFO - Filling up the DagBag from /opt/airflow/dags/read_gbq_data.py
[2024-08-30T21:23:21.002+0000] {processor.py:925} INFO - DAG(s) 'example_bigquery_dag' retrieved from /opt/airflow/dags/read_gbq_data.py
[2024-08-30T21:23:21.025+0000] {logging_mixin.py:190} INFO - [2024-08-30T21:23:21.025+0000] {dag.py:3211} INFO - Sync 1 DAGs
[2024-08-30T21:23:21.038+0000] {logging_mixin.py:190} INFO - [2024-08-30T21:23:21.038+0000] {dag.py:4138} INFO - Setting next_dagrun for example_bigquery_dag to None, run_after=None
[2024-08-30T21:23:21.065+0000] {processor.py:208} INFO - Processing /opt/airflow/dags/read_gbq_data.py took 0.086 seconds
[2024-08-30T21:23:51.296+0000] {processor.py:186} INFO - Started process (PID=81) to work on /opt/airflow/dags/read_gbq_data.py
[2024-08-30T21:23:51.298+0000] {processor.py:914} INFO - Processing file /opt/airflow/dags/read_gbq_data.py for tasks to queue
[2024-08-30T21:23:51.303+0000] {logging_mixin.py:190} INFO - [2024-08-30T21:23:51.302+0000] {dagbag.py:587} INFO - Filling up the DagBag from /opt/airflow/dags/read_gbq_data.py
[2024-08-30T21:23:51.341+0000] {processor.py:925} INFO - DAG(s) 'example_bigquery_dag' retrieved from /opt/airflow/dags/read_gbq_data.py
[2024-08-30T21:23:51.379+0000] {logging_mixin.py:190} INFO - [2024-08-30T21:23:51.378+0000] {dag.py:3211} INFO - Sync 1 DAGs
[2024-08-30T21:23:51.403+0000] {logging_mixin.py:190} INFO - [2024-08-30T21:23:51.403+0000] {dag.py:4138} INFO - Setting next_dagrun for example_bigquery_dag to None, run_after=None
[2024-08-30T21:23:51.432+0000] {processor.py:208} INFO - Processing /opt/airflow/dags/read_gbq_data.py took 0.149 seconds
[2024-08-30T21:24:21.635+0000] {processor.py:186} INFO - Started process (PID=88) to work on /opt/airflow/dags/read_gbq_data.py
[2024-08-30T21:24:21.636+0000] {processor.py:914} INFO - Processing file /opt/airflow/dags/read_gbq_data.py for tasks to queue
[2024-08-30T21:24:21.638+0000] {logging_mixin.py:190} INFO - [2024-08-30T21:24:21.638+0000] {dagbag.py:587} INFO - Filling up the DagBag from /opt/airflow/dags/read_gbq_data.py
[2024-08-30T21:24:21.655+0000] {processor.py:925} INFO - DAG(s) 'example_bigquery_dag' retrieved from /opt/airflow/dags/read_gbq_data.py
[2024-08-30T21:24:21.677+0000] {logging_mixin.py:190} INFO - [2024-08-30T21:24:21.677+0000] {dag.py:3211} INFO - Sync 1 DAGs
[2024-08-30T21:24:21.689+0000] {logging_mixin.py:190} INFO - [2024-08-30T21:24:21.689+0000] {dag.py:4138} INFO - Setting next_dagrun for example_bigquery_dag to None, run_after=None
[2024-08-30T21:24:21.710+0000] {processor.py:208} INFO - Processing /opt/airflow/dags/read_gbq_data.py took 0.080 seconds
[2024-08-30T21:24:52.047+0000] {processor.py:186} INFO - Started process (PID=95) to work on /opt/airflow/dags/read_gbq_data.py
[2024-08-30T21:24:52.048+0000] {processor.py:914} INFO - Processing file /opt/airflow/dags/read_gbq_data.py for tasks to queue
[2024-08-30T21:24:52.050+0000] {logging_mixin.py:190} INFO - [2024-08-30T21:24:52.049+0000] {dagbag.py:587} INFO - Filling up the DagBag from /opt/airflow/dags/read_gbq_data.py
[2024-08-30T21:24:52.062+0000] {processor.py:925} INFO - DAG(s) 'example_bigquery_dag' retrieved from /opt/airflow/dags/read_gbq_data.py
[2024-08-30T21:24:52.080+0000] {logging_mixin.py:190} INFO - [2024-08-30T21:24:52.080+0000] {dag.py:3211} INFO - Sync 1 DAGs
[2024-08-30T21:24:52.090+0000] {logging_mixin.py:190} INFO - [2024-08-30T21:24:52.090+0000] {dag.py:4138} INFO - Setting next_dagrun for example_bigquery_dag to None, run_after=None
[2024-08-30T21:24:52.108+0000] {processor.py:208} INFO - Processing /opt/airflow/dags/read_gbq_data.py took 0.066 seconds
[2024-08-30T21:25:22.410+0000] {processor.py:186} INFO - Started process (PID=102) to work on /opt/airflow/dags/read_gbq_data.py
[2024-08-30T21:25:22.411+0000] {processor.py:914} INFO - Processing file /opt/airflow/dags/read_gbq_data.py for tasks to queue
[2024-08-30T21:25:22.414+0000] {logging_mixin.py:190} INFO - [2024-08-30T21:25:22.413+0000] {dagbag.py:587} INFO - Filling up the DagBag from /opt/airflow/dags/read_gbq_data.py
[2024-08-30T21:25:22.428+0000] {processor.py:925} INFO - DAG(s) 'example_bigquery_dag' retrieved from /opt/airflow/dags/read_gbq_data.py
[2024-08-30T21:25:22.446+0000] {logging_mixin.py:190} INFO - [2024-08-30T21:25:22.445+0000] {dag.py:3211} INFO - Sync 1 DAGs
[2024-08-30T21:25:22.456+0000] {logging_mixin.py:190} INFO - [2024-08-30T21:25:22.456+0000] {dag.py:4138} INFO - Setting next_dagrun for example_bigquery_dag to None, run_after=None
[2024-08-30T21:25:22.475+0000] {processor.py:208} INFO - Processing /opt/airflow/dags/read_gbq_data.py took 0.069 seconds
[2024-08-30T21:25:52.728+0000] {processor.py:186} INFO - Started process (PID=109) to work on /opt/airflow/dags/read_gbq_data.py
[2024-08-30T21:25:52.728+0000] {processor.py:914} INFO - Processing file /opt/airflow/dags/read_gbq_data.py for tasks to queue
[2024-08-30T21:25:52.731+0000] {logging_mixin.py:190} INFO - [2024-08-30T21:25:52.730+0000] {dagbag.py:587} INFO - Filling up the DagBag from /opt/airflow/dags/read_gbq_data.py
[2024-08-30T21:25:52.743+0000] {processor.py:925} INFO - DAG(s) 'example_bigquery_dag' retrieved from /opt/airflow/dags/read_gbq_data.py
[2024-08-30T21:25:52.760+0000] {logging_mixin.py:190} INFO - [2024-08-30T21:25:52.759+0000] {dag.py:3211} INFO - Sync 1 DAGs
[2024-08-30T21:25:52.771+0000] {logging_mixin.py:190} INFO - [2024-08-30T21:25:52.771+0000] {dag.py:4138} INFO - Setting next_dagrun for example_bigquery_dag to None, run_after=None
[2024-08-30T21:25:52.791+0000] {processor.py:208} INFO - Processing /opt/airflow/dags/read_gbq_data.py took 0.068 seconds
[2024-08-30T21:26:23.063+0000] {processor.py:186} INFO - Started process (PID=116) to work on /opt/airflow/dags/read_gbq_data.py
[2024-08-30T21:26:23.064+0000] {processor.py:914} INFO - Processing file /opt/airflow/dags/read_gbq_data.py for tasks to queue
[2024-08-30T21:26:23.066+0000] {logging_mixin.py:190} INFO - [2024-08-30T21:26:23.066+0000] {dagbag.py:587} INFO - Filling up the DagBag from /opt/airflow/dags/read_gbq_data.py
[2024-08-30T21:26:23.081+0000] {processor.py:925} INFO - DAG(s) 'example_bigquery_dag' retrieved from /opt/airflow/dags/read_gbq_data.py
[2024-08-30T21:26:23.099+0000] {logging_mixin.py:190} INFO - [2024-08-30T21:26:23.098+0000] {dag.py:3211} INFO - Sync 1 DAGs
[2024-08-30T21:26:23.110+0000] {logging_mixin.py:190} INFO - [2024-08-30T21:26:23.110+0000] {dag.py:4138} INFO - Setting next_dagrun for example_bigquery_dag to None, run_after=None
[2024-08-30T21:26:23.131+0000] {processor.py:208} INFO - Processing /opt/airflow/dags/read_gbq_data.py took 0.072 seconds
[2024-08-30T21:26:53.380+0000] {processor.py:186} INFO - Started process (PID=123) to work on /opt/airflow/dags/read_gbq_data.py
[2024-08-30T21:26:53.381+0000] {processor.py:914} INFO - Processing file /opt/airflow/dags/read_gbq_data.py for tasks to queue
[2024-08-30T21:26:53.383+0000] {logging_mixin.py:190} INFO - [2024-08-30T21:26:53.383+0000] {dagbag.py:587} INFO - Filling up the DagBag from /opt/airflow/dags/read_gbq_data.py
[2024-08-30T21:26:53.396+0000] {processor.py:925} INFO - DAG(s) 'example_bigquery_dag' retrieved from /opt/airflow/dags/read_gbq_data.py
[2024-08-30T21:26:53.419+0000] {logging_mixin.py:190} INFO - [2024-08-30T21:26:53.418+0000] {dag.py:3211} INFO - Sync 1 DAGs
[2024-08-30T21:26:53.431+0000] {logging_mixin.py:190} INFO - [2024-08-30T21:26:53.431+0000] {dag.py:4138} INFO - Setting next_dagrun for example_bigquery_dag to None, run_after=None
[2024-08-30T21:26:53.448+0000] {processor.py:208} INFO - Processing /opt/airflow/dags/read_gbq_data.py took 0.074 seconds
[2024-08-30T21:27:23.672+0000] {processor.py:186} INFO - Started process (PID=129) to work on /opt/airflow/dags/read_gbq_data.py
[2024-08-30T21:27:23.673+0000] {processor.py:914} INFO - Processing file /opt/airflow/dags/read_gbq_data.py for tasks to queue
[2024-08-30T21:27:23.676+0000] {logging_mixin.py:190} INFO - [2024-08-30T21:27:23.675+0000] {dagbag.py:587} INFO - Filling up the DagBag from /opt/airflow/dags/read_gbq_data.py
[2024-08-30T21:27:23.694+0000] {processor.py:925} INFO - DAG(s) 'example_bigquery_dag' retrieved from /opt/airflow/dags/read_gbq_data.py
[2024-08-30T21:27:23.715+0000] {logging_mixin.py:190} INFO - [2024-08-30T21:27:23.715+0000] {dag.py:3211} INFO - Sync 1 DAGs
[2024-08-30T21:27:23.728+0000] {logging_mixin.py:190} INFO - [2024-08-30T21:27:23.727+0000] {dag.py:4138} INFO - Setting next_dagrun for example_bigquery_dag to None, run_after=None
[2024-08-30T21:27:23.748+0000] {processor.py:208} INFO - Processing /opt/airflow/dags/read_gbq_data.py took 0.082 seconds
[2024-08-30T21:27:54.013+0000] {processor.py:186} INFO - Started process (PID=136) to work on /opt/airflow/dags/read_gbq_data.py
[2024-08-30T21:27:54.014+0000] {processor.py:914} INFO - Processing file /opt/airflow/dags/read_gbq_data.py for tasks to queue
[2024-08-30T21:27:54.017+0000] {logging_mixin.py:190} INFO - [2024-08-30T21:27:54.016+0000] {dagbag.py:587} INFO - Filling up the DagBag from /opt/airflow/dags/read_gbq_data.py
[2024-08-30T21:27:54.032+0000] {processor.py:925} INFO - DAG(s) 'example_bigquery_dag' retrieved from /opt/airflow/dags/read_gbq_data.py
[2024-08-30T21:27:54.049+0000] {logging_mixin.py:190} INFO - [2024-08-30T21:27:54.048+0000] {dag.py:3211} INFO - Sync 1 DAGs
[2024-08-30T21:27:54.059+0000] {logging_mixin.py:190} INFO - [2024-08-30T21:27:54.059+0000] {dag.py:4138} INFO - Setting next_dagrun for example_bigquery_dag to None, run_after=None
[2024-08-30T21:27:54.078+0000] {processor.py:208} INFO - Processing /opt/airflow/dags/read_gbq_data.py took 0.069 seconds
[2024-08-30T21:28:24.358+0000] {processor.py:186} INFO - Started process (PID=144) to work on /opt/airflow/dags/read_gbq_data.py
[2024-08-30T21:28:24.358+0000] {processor.py:914} INFO - Processing file /opt/airflow/dags/read_gbq_data.py for tasks to queue
[2024-08-30T21:28:24.361+0000] {logging_mixin.py:190} INFO - [2024-08-30T21:28:24.361+0000] {dagbag.py:587} INFO - Filling up the DagBag from /opt/airflow/dags/read_gbq_data.py
[2024-08-30T21:28:24.377+0000] {processor.py:925} INFO - DAG(s) 'example_bigquery_dag' retrieved from /opt/airflow/dags/read_gbq_data.py
[2024-08-30T21:28:24.394+0000] {logging_mixin.py:190} INFO - [2024-08-30T21:28:24.393+0000] {dag.py:3211} INFO - Sync 1 DAGs
[2024-08-30T21:28:24.404+0000] {logging_mixin.py:190} INFO - [2024-08-30T21:28:24.404+0000] {dag.py:4138} INFO - Setting next_dagrun for example_bigquery_dag to None, run_after=None
[2024-08-30T21:28:24.426+0000] {processor.py:208} INFO - Processing /opt/airflow/dags/read_gbq_data.py took 0.075 seconds
[2024-08-30T21:28:54.666+0000] {processor.py:186} INFO - Started process (PID=151) to work on /opt/airflow/dags/read_gbq_data.py
[2024-08-30T21:28:54.667+0000] {processor.py:914} INFO - Processing file /opt/airflow/dags/read_gbq_data.py for tasks to queue
[2024-08-30T21:28:54.669+0000] {logging_mixin.py:190} INFO - [2024-08-30T21:28:54.669+0000] {dagbag.py:587} INFO - Filling up the DagBag from /opt/airflow/dags/read_gbq_data.py
[2024-08-30T21:28:54.682+0000] {processor.py:925} INFO - DAG(s) 'example_bigquery_dag' retrieved from /opt/airflow/dags/read_gbq_data.py
[2024-08-30T21:28:54.699+0000] {logging_mixin.py:190} INFO - [2024-08-30T21:28:54.699+0000] {dag.py:3211} INFO - Sync 1 DAGs
[2024-08-30T21:28:54.709+0000] {logging_mixin.py:190} INFO - [2024-08-30T21:28:54.709+0000] {dag.py:4138} INFO - Setting next_dagrun for example_bigquery_dag to None, run_after=None
[2024-08-30T21:28:54.734+0000] {processor.py:208} INFO - Processing /opt/airflow/dags/read_gbq_data.py took 0.072 seconds
[2024-08-30T21:29:24.936+0000] {processor.py:186} INFO - Started process (PID=158) to work on /opt/airflow/dags/read_gbq_data.py
[2024-08-30T21:29:24.937+0000] {processor.py:914} INFO - Processing file /opt/airflow/dags/read_gbq_data.py for tasks to queue
[2024-08-30T21:29:24.939+0000] {logging_mixin.py:190} INFO - [2024-08-30T21:29:24.939+0000] {dagbag.py:587} INFO - Filling up the DagBag from /opt/airflow/dags/read_gbq_data.py
[2024-08-30T21:29:24.952+0000] {processor.py:925} INFO - DAG(s) 'example_bigquery_dag' retrieved from /opt/airflow/dags/read_gbq_data.py
[2024-08-30T21:29:24.973+0000] {logging_mixin.py:190} INFO - [2024-08-30T21:29:24.973+0000] {dag.py:3211} INFO - Sync 1 DAGs
[2024-08-30T21:29:24.989+0000] {logging_mixin.py:190} INFO - [2024-08-30T21:29:24.989+0000] {dag.py:4138} INFO - Setting next_dagrun for example_bigquery_dag to None, run_after=None
[2024-08-30T21:29:25.017+0000] {processor.py:208} INFO - Processing /opt/airflow/dags/read_gbq_data.py took 0.086 seconds
[2024-08-30T21:29:55.302+0000] {processor.py:186} INFO - Started process (PID=165) to work on /opt/airflow/dags/read_gbq_data.py
[2024-08-30T21:29:55.303+0000] {processor.py:914} INFO - Processing file /opt/airflow/dags/read_gbq_data.py for tasks to queue
[2024-08-30T21:29:55.305+0000] {logging_mixin.py:190} INFO - [2024-08-30T21:29:55.305+0000] {dagbag.py:587} INFO - Filling up the DagBag from /opt/airflow/dags/read_gbq_data.py
[2024-08-30T21:29:55.318+0000] {processor.py:925} INFO - DAG(s) 'example_bigquery_dag' retrieved from /opt/airflow/dags/read_gbq_data.py
[2024-08-30T21:29:55.336+0000] {logging_mixin.py:190} INFO - [2024-08-30T21:29:55.335+0000] {dag.py:3211} INFO - Sync 1 DAGs
[2024-08-30T21:29:55.350+0000] {logging_mixin.py:190} INFO - [2024-08-30T21:29:55.349+0000] {dag.py:4138} INFO - Setting next_dagrun for example_bigquery_dag to None, run_after=None
[2024-08-30T21:29:55.368+0000] {processor.py:208} INFO - Processing /opt/airflow/dags/read_gbq_data.py took 0.071 seconds
[2024-08-30T21:30:25.613+0000] {processor.py:186} INFO - Started process (PID=172) to work on /opt/airflow/dags/read_gbq_data.py
[2024-08-30T21:30:25.614+0000] {processor.py:914} INFO - Processing file /opt/airflow/dags/read_gbq_data.py for tasks to queue
[2024-08-30T21:30:25.616+0000] {logging_mixin.py:190} INFO - [2024-08-30T21:30:25.616+0000] {dagbag.py:587} INFO - Filling up the DagBag from /opt/airflow/dags/read_gbq_data.py
[2024-08-30T21:30:25.638+0000] {processor.py:925} INFO - DAG(s) 'example_bigquery_dag' retrieved from /opt/airflow/dags/read_gbq_data.py
[2024-08-30T21:30:25.659+0000] {logging_mixin.py:190} INFO - [2024-08-30T21:30:25.659+0000] {dag.py:3211} INFO - Sync 1 DAGs
[2024-08-30T21:30:25.671+0000] {logging_mixin.py:190} INFO - [2024-08-30T21:30:25.671+0000] {dag.py:4138} INFO - Setting next_dagrun for example_bigquery_dag to None, run_after=None
[2024-08-30T21:30:25.691+0000] {processor.py:208} INFO - Processing /opt/airflow/dags/read_gbq_data.py took 0.083 seconds
[2024-08-30T21:30:55.928+0000] {processor.py:186} INFO - Started process (PID=179) to work on /opt/airflow/dags/read_gbq_data.py
[2024-08-30T21:30:55.928+0000] {processor.py:914} INFO - Processing file /opt/airflow/dags/read_gbq_data.py for tasks to queue
[2024-08-30T21:30:55.930+0000] {logging_mixin.py:190} INFO - [2024-08-30T21:30:55.930+0000] {dagbag.py:587} INFO - Filling up the DagBag from /opt/airflow/dags/read_gbq_data.py
[2024-08-30T21:30:55.943+0000] {processor.py:925} INFO - DAG(s) 'example_bigquery_dag' retrieved from /opt/airflow/dags/read_gbq_data.py
[2024-08-30T21:30:55.960+0000] {logging_mixin.py:190} INFO - [2024-08-30T21:30:55.959+0000] {dag.py:3211} INFO - Sync 1 DAGs
[2024-08-30T21:30:55.970+0000] {logging_mixin.py:190} INFO - [2024-08-30T21:30:55.970+0000] {dag.py:4138} INFO - Setting next_dagrun for example_bigquery_dag to None, run_after=None
[2024-08-30T21:30:55.993+0000] {processor.py:208} INFO - Processing /opt/airflow/dags/read_gbq_data.py took 0.069 seconds
[2024-08-30T21:33:31.987+0000] {processor.py:186} INFO - Started process (PID=63) to work on /opt/airflow/dags/read_gbq_data.py
[2024-08-30T21:33:31.988+0000] {processor.py:914} INFO - Processing file /opt/airflow/dags/read_gbq_data.py for tasks to queue
[2024-08-30T21:33:31.990+0000] {logging_mixin.py:190} INFO - [2024-08-30T21:33:31.990+0000] {dagbag.py:587} INFO - Filling up the DagBag from /opt/airflow/dags/read_gbq_data.py
[2024-08-30T21:33:32.014+0000] {processor.py:925} INFO - DAG(s) 'example_bigquery_dag' retrieved from /opt/airflow/dags/read_gbq_data.py
[2024-08-30T21:33:32.046+0000] {logging_mixin.py:190} INFO - [2024-08-30T21:33:32.046+0000] {dag.py:3211} INFO - Sync 1 DAGs
[2024-08-30T21:33:32.061+0000] {logging_mixin.py:190} INFO - [2024-08-30T21:33:32.061+0000] {dag.py:4138} INFO - Setting next_dagrun for example_bigquery_dag to None, run_after=None
[2024-08-30T21:33:32.081+0000] {processor.py:208} INFO - Processing /opt/airflow/dags/read_gbq_data.py took 0.100 seconds
[2024-08-30T21:34:02.270+0000] {processor.py:186} INFO - Started process (PID=70) to work on /opt/airflow/dags/read_gbq_data.py
[2024-08-30T21:34:02.271+0000] {processor.py:914} INFO - Processing file /opt/airflow/dags/read_gbq_data.py for tasks to queue
[2024-08-30T21:34:02.273+0000] {logging_mixin.py:190} INFO - [2024-08-30T21:34:02.273+0000] {dagbag.py:587} INFO - Filling up the DagBag from /opt/airflow/dags/read_gbq_data.py
[2024-08-30T21:34:02.288+0000] {processor.py:925} INFO - DAG(s) 'example_bigquery_dag' retrieved from /opt/airflow/dags/read_gbq_data.py
[2024-08-30T21:34:02.308+0000] {logging_mixin.py:190} INFO - [2024-08-30T21:34:02.308+0000] {dag.py:3211} INFO - Sync 1 DAGs
[2024-08-30T21:34:02.321+0000] {logging_mixin.py:190} INFO - [2024-08-30T21:34:02.320+0000] {dag.py:4138} INFO - Setting next_dagrun for example_bigquery_dag to None, run_after=None
[2024-08-30T21:34:02.343+0000] {processor.py:208} INFO - Processing /opt/airflow/dags/read_gbq_data.py took 0.077 seconds
[2024-08-30T21:34:32.625+0000] {processor.py:186} INFO - Started process (PID=77) to work on /opt/airflow/dags/read_gbq_data.py
[2024-08-30T21:34:32.626+0000] {processor.py:914} INFO - Processing file /opt/airflow/dags/read_gbq_data.py for tasks to queue
[2024-08-30T21:34:32.629+0000] {logging_mixin.py:190} INFO - [2024-08-30T21:34:32.628+0000] {dagbag.py:587} INFO - Filling up the DagBag from /opt/airflow/dags/read_gbq_data.py
[2024-08-30T21:34:32.653+0000] {processor.py:925} INFO - DAG(s) 'example_bigquery_dag' retrieved from /opt/airflow/dags/read_gbq_data.py
[2024-08-30T21:34:32.686+0000] {logging_mixin.py:190} INFO - [2024-08-30T21:34:32.685+0000] {dag.py:3211} INFO - Sync 1 DAGs
[2024-08-30T21:34:32.703+0000] {logging_mixin.py:190} INFO - [2024-08-30T21:34:32.702+0000] {dag.py:4138} INFO - Setting next_dagrun for example_bigquery_dag to None, run_after=None
[2024-08-30T21:34:32.729+0000] {processor.py:208} INFO - Processing /opt/airflow/dags/read_gbq_data.py took 0.110 seconds
[2024-08-30T21:35:02.934+0000] {processor.py:186} INFO - Started process (PID=84) to work on /opt/airflow/dags/read_gbq_data.py
[2024-08-30T21:35:02.935+0000] {processor.py:914} INFO - Processing file /opt/airflow/dags/read_gbq_data.py for tasks to queue
[2024-08-30T21:35:02.940+0000] {logging_mixin.py:190} INFO - [2024-08-30T21:35:02.940+0000] {dagbag.py:587} INFO - Filling up the DagBag from /opt/airflow/dags/read_gbq_data.py
[2024-08-30T21:35:02.964+0000] {processor.py:925} INFO - DAG(s) 'example_bigquery_dag' retrieved from /opt/airflow/dags/read_gbq_data.py
[2024-08-30T21:35:02.986+0000] {logging_mixin.py:190} INFO - [2024-08-30T21:35:02.986+0000] {dag.py:3211} INFO - Sync 1 DAGs
[2024-08-30T21:35:03.001+0000] {logging_mixin.py:190} INFO - [2024-08-30T21:35:03.001+0000] {dag.py:4138} INFO - Setting next_dagrun for example_bigquery_dag to None, run_after=None
[2024-08-30T21:35:03.023+0000] {processor.py:208} INFO - Processing /opt/airflow/dags/read_gbq_data.py took 0.100 seconds
[2024-08-30T21:35:33.271+0000] {processor.py:186} INFO - Started process (PID=91) to work on /opt/airflow/dags/read_gbq_data.py
[2024-08-30T21:35:33.272+0000] {processor.py:914} INFO - Processing file /opt/airflow/dags/read_gbq_data.py for tasks to queue
[2024-08-30T21:35:33.275+0000] {logging_mixin.py:190} INFO - [2024-08-30T21:35:33.275+0000] {dagbag.py:587} INFO - Filling up the DagBag from /opt/airflow/dags/read_gbq_data.py
[2024-08-30T21:35:33.288+0000] {processor.py:925} INFO - DAG(s) 'example_bigquery_dag' retrieved from /opt/airflow/dags/read_gbq_data.py
[2024-08-30T21:35:33.310+0000] {logging_mixin.py:190} INFO - [2024-08-30T21:35:33.310+0000] {dag.py:3211} INFO - Sync 1 DAGs
[2024-08-30T21:35:33.321+0000] {logging_mixin.py:190} INFO - [2024-08-30T21:35:33.321+0000] {dag.py:4138} INFO - Setting next_dagrun for example_bigquery_dag to None, run_after=None
[2024-08-30T21:35:33.340+0000] {processor.py:208} INFO - Processing /opt/airflow/dags/read_gbq_data.py took 0.074 seconds
